This is pdfTeXk, Version 3.14159-1.10b (Web2C 7.4.5) (format=pdflatex 2004.12.8)  12 JUL 2008 01:09
 %&-line parsing enabled.
**Overview.tex
(./Overview.tex{/local/share/teTeX/texmf/pdftex/config/pdftex.cfg}
LaTeX2e <2001/06/01>
Babel <v3.7h> and hyphenation patterns for american, polish, loaded.
(/local/share/teTeX/texmf/tex/latex/base/article.cls
Document Class: article 2001/04/21 v1.4e Standard LaTeX document class
(/local/share/teTeX/texmf/tex/latex/base/size10.clo
File: size10.clo 2001/04/21 v1.4e Standard LaTeX file (size option)
)
\c@part=\count79
\c@section=\count80
\c@subsection=\count81
\c@subsubsection=\count82
\c@paragraph=\count83
\c@subparagraph=\count84
\c@figure=\count85
\c@table=\count86
\abovecaptionskip=\skip41
\belowcaptionskip=\skip42
\bibindent=\dimen102
)
(/local/share/teTeX/texmf/tex/latex/base/inputenc.sty
Package: inputenc 2001/07/10 v0.99a Input encoding file 


! LaTeX Error: File `utf8.def' not found.

Type X to quit or <RETURN> to proceed,
or enter new name. (Default extension: def)

Enter file name: 

Package inputenc Warning: No characters defined
(inputenc)                by input encoding change to `utf8'
(inputenc)                 on input line 118.

) (/local/share/teTeX/texmf/tex/generic/babel/babel.sty
Package: babel 2001/03/01 v3.7h The Babel package

(/local/share/teTeX/texmf/tex/generic/babel/english.ldf
Language: english 2001/04/15 v3.3l English support from the babel system

(/local/share/teTeX/texmf/tex/generic/babel/babel.def
File: babel.def 2001/03/01 v3.7h Babel common definitions
\babel@savecnt=\count87
\U@D=\dimen103
)
\l@canadian = a dialect from \language\l@english 

*************************************
* Local config file english.cfg used
*
(/site/share/teTeX/texmf/tex/generic/uio/english.cfg
(/site/share/teTeX/texmf/tex/generic/uio/lenglish.cfg))))
(/local/share/teTeX/texmf/tex/latex/misc/moreverb.sty
Package: moreverb 1997/12/07 v2.2d.2 `more' verbatim facilities

(/local/share/teTeX/texmf/tex/latex/tools/verbatim.sty
Package: verbatim 2001/03/12 v1.5p LaTeX2e package for verbatim enhancements
\every@verbatim=\toks14
\verbatim@line=\toks15
\verbatim@in@stream=\read1
)
\verbatim@out=\write3
\tab@position=\count88
\tab@size=\count89
\listing@line=\count90
)
(/local/share/teTeX/texmf/tex/latex/graphics/graphicx.sty
Package: graphicx 1999/02/16 v1.0f Enhanced LaTeX Graphics (DPC,SPQR)

(/local/share/teTeX/texmf/tex/latex/graphics/keyval.sty
Package: keyval 1999/03/16 v1.13 key=value parser (DPC)
\KV@toks@=\toks16
)
(/local/share/teTeX/texmf/tex/latex/graphics/graphics.sty
Package: graphics 2001/07/07 v1.0n Standard LaTeX Graphics (DPC,SPQR)

(/local/share/teTeX/texmf/tex/latex/graphics/trig.sty
Package: trig 1999/03/16 v1.09 sin cos tan (DPC)
)
(/local/share/teTeX/texmf/tex/latex/config/graphics.cfg
File: graphics.cfg 2001/08/31 v1.1 graphics configuration of teTeX/TeXLive
)
Package graphics Info: Driver file: pdftex.def on input line 80.

(/local/share/teTeX/texmf/tex/latex/graphics/pdftex.def
File: pdftex.def 2002/06/19 v0.03k graphics/color for pdftex
\Gread@gobject=\count91
))
\Gin@req@height=\dimen104
\Gin@req@width=\dimen105
)
(/local/share/teTeX/texmf/tex/latex/misc/wrapfig.sty
\wrapoverhang=\dimen106
\WF@size=\dimen107
\c@WF@wrappedlines=\count92
\WF@box=\box26
\WF@everypar=\toks17
Package: wrapfig 2003/01/31  v 3.6
) (./Overview.aux)
\openout1 = `Overview.aux'.

LaTeX Font Info:    Checking defaults for OML/cmm/m/it on input line 9.
LaTeX Font Info:    ... okay on input line 9.
LaTeX Font Info:    Checking defaults for T1/cmr/m/n on input line 9.
LaTeX Font Info:    ... okay on input line 9.
LaTeX Font Info:    Checking defaults for OT1/cmr/m/n on input line 9.
LaTeX Font Info:    ... okay on input line 9.
LaTeX Font Info:    Checking defaults for OMS/cmsy/m/n on input line 9.
LaTeX Font Info:    ... okay on input line 9.
LaTeX Font Info:    Checking defaults for OMX/cmex/m/n on input line 9.
LaTeX Font Info:    ... okay on input line 9.
LaTeX Font Info:    Checking defaults for U/cmr/m/n on input line 9.
LaTeX Font Info:    ... okay on input line 9.

(/local/share/teTeX/texmf/tex/context/base/supp-pdf.tex
(/local/share/teTeX/texmf/tex/context/base/supp-mis.tex
loading : Context Support Macros / Missing
\protectiondepth=\count93
\scratchcounter=\count94
\scratchtoks=\toks18
\scratchdimen=\dimen108
\scratchskip=\skip43
\scratchmuskip=\muskip10
\scratchbox=\box27
\scratchread=\read2
\scratchwrite=\write4
\zeropoint=\dimen109
\minusone=\count95
\thousandpoint=\dimen110
\emptytoks=\toks19
\nextbox=\box28
\nextdepth=\dimen111
\everyline=\toks20
\!!counta=\count96
\!!countb=\count97
\recursecounter=\count98
)
loading : Context Support Macros / PDF
\nofMPsegments=\count99
\nofMParguments=\count100
\everyMPtoPDFconversion=\toks21
) (./title.tex [1

{/local/share/teTeX/texmf-local/dvips/config/pdftex.map
Warning: pdflatex (file /local/share/teTeX/texmf-local/dvips/config/pdftex.map)
: invalid entry for `pcrb8rn': SlantFont/ExtendFont can be used only with embed
ded T1 fonts

Warning: pdflatex (file /local/share/teTeX/texmf-local/dvips/config/pdftex.map)
: invalid entry for `ptmb8rc': SlantFont/ExtendFont can be used only with embed
ded T1 fonts

Warning: pdflatex (file /local/share/teTeX/texmf-local/dvips/config/pdftex.map)
: invalid entry for `ptmb8rn': SlantFont/ExtendFont can be used only with embed
ded T1 fonts

Warning: pdflatex (file /local/share/teTeX/texmf-local/dvips/config/pdftex.map)
: invalid entry for `ptmbi8rc': SlantFont/ExtendFont can be used only with embe
dded T1 fonts

Warning: pdflatex (file /local/share/teTeX/texmf-local/dvips/config/pdftex.map)
: invalid entry for `ptmbi8rn': SlantFont/ExtendFont can be used only with embe
dded T1 fonts

Warning: pdflatex (file /local/share/teTeX/texmf-local/dvips/config/pdftex.map)
: invalid entry for `ptmbo8rc': SlantFont/ExtendFont can be used only with embe
dded T1 fonts

Warning: pdflatex (file /local/share/teTeX/texmf-local/dvips/config/pdftex.map)
: invalid entry for `ptmbo8rn': SlantFont/ExtendFont can be used only with embe
dded T1 fonts

Warning: pdflatex (file /local/share/teTeX/texmf-local/dvips/config/pdftex.map)
: invalid entry for `ptmr8rc': SlantFont/ExtendFont can be used only with embed
ded T1 fonts

Warning: pdflatex (file /local/share/teTeX/texmf-local/dvips/config/pdftex.map)
: invalid entry for `ptmri8rc': SlantFont/ExtendFont can be used only with embe
dded T1 fonts

Warning: pdflatex (file /local/share/teTeX/texmf-local/dvips/config/pdftex.map)
: invalid entry for `ptmri8rn': SlantFont/ExtendFont can be used only with embe
dded T1 fonts

Warning: pdflatex (file /local/share/teTeX/texmf-local/dvips/config/pdftex.map)
: invalid entry for `ptmro8rc': SlantFont/ExtendFont can be used only with embe
dded T1 fonts

Warning: pdflatex (file /local/share/teTeX/texmf-local/dvips/config/pdftex.map)
: invalid entry for `ptmro8rn': SlantFont/ExtendFont can be used only with embe
dded T1 fonts
}]) (./Overview.toc
LaTeX Font Info:    External font `cmex10' loaded for size
(Font)              <7> on input line 3.
LaTeX Font Info:    External font `cmex10' loaded for size
(Font)              <5> on input line 3.
)
\tf@toc=\write5
\openout5 = `Overview.toc'.

 [1] [2] (./Overview.aux) ) 
Here is how much of TeX's memory you used:
 1334 strings out of 95440
 16519 string characters out of 1190068
 67456 words of memory out of 1000001
 4336 multiletter control sequences out of 10000+50000
 6366 words of font info for 23 fonts, out of 500000 for 1000
 34 hyphenation exceptions out of 1000
 25i,4n,21p,205b,182s stack positions out of 1500i,500n,5000p,200000b,5000s
 25 PDF objects out of 300000
 0 named destinations out of 131072
 0 words of extra memory for PDF output out of 65536
{/local/share/teTeX/texmf/dvips/tetex/f7b6d320.enc}<
/local/share/teTeX/texmf/fonts/type1/bluesky/cm/cmbx10.pfb></local/share/teTeX/
texmf/fonts/type1/bluesky/cm/cmr12.pfb></local/share/teTeX/texmf/fonts/type1/bl
uesky/cm/cmr10.pfb></local/share/teTeX/texmf/fonts/type1/bluesky/cm/cmbx12.pfb>
{/local/share/teTeX/texmf/dvips/tetex/0ef0afca.enc}</local/share/teTeX/texmf/fo
nts/type1/bluesky/cm/cmcsc10.pfb>
Output written on Overview.pdf (3 pages, 40797 bytes).
